<?xml version="1.0" encoding="UTF-8"?>
<!-- Generated by org.testng.reporters.JUnitReportReporter -->
<testsuite skipped="0" hostname="anamuls-mbp.lan" name="extendreport.ExtendReportsPractice" tests="1" failures="0" timestamp="15 Jan 2019 18:16:30 GMT" time="0.000" errors="0">
  <testcase name="test1" time="0.000" classname="extendreport.ExtendReportsPractice"/>
</testsuite> <!-- extendreport.ExtendReportsPractice -->
